This is pdfTeX, Version 3.141592653-2.6-1.40.24 (TeX Live 2022) (preloaded format=pdflatex 2023.6.26)  19 DEC 2023 19:53
entering extended mode
 restricted \write18 enabled.
 file:line:error style messages enabled.
 %&-line parsing enabled.
**/Users/pmassaro/Repos/Orora/Master-Thesis-Patricio-Massaro/main.tex
(/Users/pmassaro/Repos/Orora/Master-Thesis-Patricio-Massaro/main.tex
LaTeX2e <2022-11-01> patch level 1
L3 programming layer <2023-02-07> (/Users/pmassaro/Library/TinyTeX/texmf-dist/tex/latex/base/article.cls
Document Class: article 2022/07/02 v1.4n Standard LaTeX document class
(/Users/pmassaro/Library/TinyTeX/texmf-dist/tex/latex/base/size11.clo
File: size11.clo 2022/07/02 v1.4n Standard LaTeX file (size option)
)
\c@part=\count185
\c@section=\count186
\c@subsection=\count187
\c@subsubsection=\count188
\c@paragraph=\count189
\c@subparagraph=\count190
\c@figure=\count191
\c@table=\count192
\abovecaptionskip=\skip48
\belowcaptionskip=\skip49
\bibindent=\dimen140
) (/Users/pmassaro/Library/TinyTeX/texmf-dist/tex/latex/subfig/subfig.sty
Package: subfig 2005/06/28 ver: 1.3 subfig package
 (/Users/pmassaro/Library/TinyTeX/texmf-dist/tex/latex/graphics/keyval.sty
Package: keyval 2022/05/29 v1.15 key=value parser (DPC)
\KV@toks@=\toks16
) (/Users/pmassaro/Library/TinyTeX/texmf-dist/tex/latex/caption/caption.sty
Package: caption 2022/03/01 v3.6b Customizing captions (AR)
 (/Users/pmassaro/Library/TinyTeX/texmf-dist/tex/latex/caption/caption3.sty
Package: caption3 2022/03/17 v2.3b caption3 kernel (AR)
\caption@tempdima=\dimen141
\captionmargin=\dimen142
\caption@leftmargin=\dimen143
\caption@rightmargin=\dimen144
\caption@width=\dimen145
\caption@indent=\dimen146
\caption@parindent=\dimen147
\caption@hangindent=\dimen148
Package caption Info: Standard document class detected.
)
\c@caption@flags=\count193
\c@continuedfloat=\count194
)
\c@KVtest=\count195
\sf@farskip=\skip50
\sf@captopadj=\dimen149
\sf@capskip=\skip51
\sf@nearskip=\skip52
\c@subfigure=\count196
\c@subfigure@save=\count197
\c@lofdepth=\count198
\c@subtable=\count199
\c@subtable@save=\count266
\c@lotdepth=\count267
\sf@top=\skip53
\sf@bottom=\skip54
) (/Users/pmassaro/Library/TinyTeX/texmf-dist/tex/latex/amsfonts/amsfonts.sty
Package: amsfonts 2013/01/14 v3.01 Basic AMSFonts support
\@emptytoks=\toks17
\symAMSa=\mathgroup4
\symAMSb=\mathgroup5
LaTeX Font Info:    Redeclaring math symbol \hbar on input line 98.
LaTeX Font Info:    Overwriting math alphabet `\mathfrak' in version `bold'
(Font)                  U/euf/m/n --> U/euf/b/n on input line 106.
) (/Users/pmassaro/Library/TinyTeX/texmf-dist/tex/latex/geometry/geometry.sty
Package: geometry 2020/01/02 v5.9 Page Geometry
 (/Users/pmassaro/Library/TinyTeX/texmf-dist/tex/generic/iftex/ifvtex.sty
Package: ifvtex 2019/10/25 v1.7 ifvtex legacy package. Use iftex instead.
 (/Users/pmassaro/Library/TinyTeX/texmf-dist/tex/generic/iftex/iftex.sty
Package: iftex 2022/02/03 v1.0f TeX engine tests
))
\Gm@cnth=\count268
\Gm@cntv=\count269
\c@Gm@tempcnt=\count270
\Gm@bindingoffset=\dimen150
\Gm@wd@mp=\dimen151
\Gm@odd@mp=\dimen152
\Gm@even@mp=\dimen153
\Gm@layoutwidth=\dimen154
\Gm@layoutheight=\dimen155
\Gm@layouthoffset=\dimen156
\Gm@layoutvoffset=\dimen157
\Gm@dimlist=\toks18
) (/Users/pmassaro/Library/TinyTeX/texmf-dist/tex/generic/babel/babel.sty
Package: babel 2022/01/23 3.85 The Babel package
\babel@savecnt=\count271
\U@D=\dimen158
\l@unhyphenated=\language87
 (/Users/pmassaro/Library/TinyTeX/texmf-dist/tex/generic/babel/txtbabel.def)
\bbl@readstream=\read2
\bbl@dirlevel=\count272
 (/Users/pmassaro/Library/TinyTeX/texmf-dist/tex/generic/babel-english/english.ldf
Language: english 2017/06/06 v3.3r English support from the babel system
Package babel Info: Hyphen rules for 'canadian' set to \l@english
(babel)             (\language0). Reported on input line 102.
Package babel Info: Hyphen rules for 'australian' set to \l@ukenglish
(babel)             (\language21). Reported on input line 105.
Package babel Info: Hyphen rules for 'newzealand' set to \l@ukenglish
(babel)             (\language21). Reported on input line 108.
)) (/Users/pmassaro/Library/TinyTeX/texmf-dist/tex/generic/babel/locale/en/babel-english.tex
Package babel Info: Importing font and identification data for english
(babel)             from babel-en.ini. Reported on input line 11.
) (/Users/pmassaro/Library/TinyTeX/texmf-dist/tex/latex/base/inputenc.sty
Package: inputenc 2021/02/14 v1.3d Input encoding file
\inpenc@prehook=\toks19
\inpenc@posthook=\toks20
) (/Users/pmassaro/Library/TinyTeX/texmf-dist/tex/latex/tools/tabularx.sty
Package: tabularx 2020/01/15 v2.11c `tabularx' package (DPC)
 (/Users/pmassaro/Library/TinyTeX/texmf-dist/tex/latex/tools/array.sty
Package: array 2022/09/04 v2.5g Tabular extension package (FMi)
\col@sep=\dimen159
\ar@mcellbox=\box51
\extrarowheight=\dimen160
\NC@list=\toks21
\extratabsurround=\skip55
\backup@length=\skip56
\ar@cellbox=\box52
)
\TX@col@width=\dimen161
\TX@old@table=\dimen162
\TX@old@col=\dimen163
\TX@target=\dimen164
\TX@delta=\dimen165
\TX@cols=\count273
\TX@ftn=\toks22
) (/Users/pmassaro/Library/TinyTeX/texmf-dist/tex/latex/booktabs/booktabs.sty
Package: booktabs 2020/01/12 v1.61803398 Publication quality tables
\heavyrulewidth=\dimen166
\lightrulewidth=\dimen167
\cmidrulewidth=\dimen168
\belowrulesep=\dimen169
\belowbottomsep=\dimen170
\aboverulesep=\dimen171
\abovetopsep=\dimen172
\cmidrulesep=\dimen173
\cmidrulekern=\dimen174
\defaultaddspace=\dimen175
\@cmidla=\count274
\@cmidlb=\count275
\@aboverulesep=\dimen176
\@belowrulesep=\dimen177
\@thisruleclass=\count276
\@lastruleclass=\count277
\@thisrulewidth=\dimen178
) (/Users/pmassaro/Library/TinyTeX/texmf-dist/tex/latex/tools/afterpage.sty
Package: afterpage 2014/10/28 v1.08 After-Page Package (DPC)
\AP@output=\toks23
\AP@partial=\box53
\AP@footins=\box54
) (/Users/pmassaro/Library/TinyTeX/texmf-dist/tex/latex/amsmath/amsmath.sty
Package: amsmath 2022/04/08 v2.17n AMS math features
\@mathmargin=\skip57

For additional information on amsmath, use the `?' option.
(/Users/pmassaro/Library/TinyTeX/texmf-dist/tex/latex/amsmath/amstext.sty
Package: amstext 2021/08/26 v2.01 AMS text
 (/Users/pmassaro/Library/TinyTeX/texmf-dist/tex/latex/amsmath/amsgen.sty
File: amsgen.sty 1999/11/30 v2.0 generic functions
\@emptytoks=\toks24
\ex@=\dimen179
)) (/Users/pmassaro/Library/TinyTeX/texmf-dist/tex/latex/amsmath/amsbsy.sty
Package: amsbsy 1999/11/29 v1.2d Bold Symbols
\pmbraise@=\dimen180
) (/Users/pmassaro/Library/TinyTeX/texmf-dist/tex/latex/amsmath/amsopn.sty
Package: amsopn 2022/04/08 v2.04 operator names
)
\inf@bad=\count278
LaTeX Info: Redefining \frac on input line 234.
\uproot@=\count279
\leftroot@=\count280
LaTeX Info: Redefining \overline on input line 399.
LaTeX Info: Redefining \colon on input line 410.
\classnum@=\count281
\DOTSCASE@=\count282
LaTeX Info: Redefining \ldots on input line 496.
LaTeX Info: Redefining \dots on input line 499.
LaTeX Info: Redefining \cdots on input line 620.
\Mathstrutbox@=\box55
\strutbox@=\box56
LaTeX Info: Redefining \big on input line 722.
LaTeX Info: Redefining \Big on input line 723.
LaTeX Info: Redefining \bigg on input line 724.
LaTeX Info: Redefining \Bigg on input line 725.
\big@size=\dimen181
LaTeX Font Info:    Redeclaring font encoding OML on input line 743.
LaTeX Font Info:    Redeclaring font encoding OMS on input line 744.
\macc@depth=\count283
LaTeX Info: Redefining \bmod on input line 905.
LaTeX Info: Redefining \pmod on input line 910.
LaTeX Info: Redefining \smash on input line 940.
LaTeX Info: Redefining \relbar on input line 970.
LaTeX Info: Redefining \Relbar on input line 971.
\c@MaxMatrixCols=\count284
\dotsspace@=\muskip16
\c@parentequation=\count285
\dspbrk@lvl=\count286
\tag@help=\toks25
\row@=\count287
\column@=\count288
\maxfields@=\count289
\andhelp@=\toks26
\eqnshift@=\dimen182
\alignsep@=\dimen183
\tagshift@=\dimen184
\tagwidth@=\dimen185
\totwidth@=\dimen186
\lineht@=\dimen187
\@envbody=\toks27
\multlinegap=\skip58
\multlinetaggap=\skip59
\mathdisplay@stack=\toks28
LaTeX Info: Redefining \[ on input line 2953.
LaTeX Info: Redefining \] on input line 2954.
) (/Users/pmassaro/Library/TinyTeX/texmf-dist/tex/latex/amsfonts/amssymb.sty
Package: amssymb 2013/01/14 v3.01 AMS font symbols
) (/Users/pmassaro/Library/TinyTeX/texmf-dist/tex/latex/accents/accents.sty
Package: accents 2006/05/12 v1.4 Math Accent Tools
\cc@skew=\dimen188
\cc@wd=\dimen189
\cc@code=\count290
\cc@group=\count291
\cc@skewchar=\count292
) (/Users/pmassaro/Library/TinyTeX/texmf-dist/tex/latex/comment/comment.sty
\CommentStream=\write3
 Excluding comment 'comment') (/Users/pmassaro/Library/TinyTeX/texmf-dist/tex/latex/algorithms/algorithm.sty
Package: algorithm 2009/08/24 v0.1 Document Style `algorithm' - floating environment
 (/Users/pmassaro/Library/TinyTeX/texmf-dist/tex/latex/float/float.sty
Package: float 2001/11/08 v1.3d Float enhancements (AL)
\c@float@type=\count293
\float@exts=\toks29
\float@box=\box57
\@float@everytoks=\toks30
\@floatcapt=\box58
) (/Users/pmassaro/Library/TinyTeX/texmf-dist/tex/latex/base/ifthen.sty
Package: ifthen 2022/04/13 v1.1d Standard LaTeX ifthen package (DPC)
)
\@float@every@algorithm=\toks31
\c@algorithm=\count294
) (/Users/pmassaro/Library/TinyTeX/texmf-dist/tex/latex/algorithmicx/algpseudocode.sty
Package: algpseudocode 
 (/Users/pmassaro/Library/TinyTeX/texmf-dist/tex/latex/algorithmicx/algorithmicx.sty
Package: algorithmicx 2005/04/27 v1.2 Algorithmicx

Document Style algorithmicx 1.2 - a greatly improved `algorithmic' style
\c@ALG@line=\count295
\c@ALG@rem=\count296
\c@ALG@nested=\count297
\ALG@tlm=\skip60
\ALG@thistlm=\skip61
\c@ALG@Lnr=\count298
\c@ALG@blocknr=\count299
\c@ALG@storecount=\count300
\c@ALG@tmpcounter=\count301
\ALG@tmplength=\skip62
)
Document Style - pseudocode environments for use with the `algorithmicx' style
) (/Users/pmassaro/Library/TinyTeX/texmf-dist/tex/latex/hyperref/hyperref.sty
Package: hyperref 2023-02-07 v7.00v Hypertext links for LaTeX
 (/Users/pmassaro/Library/TinyTeX/texmf-dist/tex/generic/ltxcmds/ltxcmds.sty
Package: ltxcmds 2020-05-10 v1.25 LaTeX kernel commands for general use (HO)
) (/Users/pmassaro/Library/TinyTeX/texmf-dist/tex/generic/pdftexcmds/pdftexcmds.sty
Package: pdftexcmds 2020-06-27 v0.33 Utility functions of pdfTeX for LuaTeX (HO)
 (/Users/pmassaro/Library/TinyTeX/texmf-dist/tex/generic/infwarerr/infwarerr.sty
Package: infwarerr 2019/12/03 v1.5 Providing info/warning/error messages (HO)
)
Package pdftexcmds Info: \pdf@primitive is available.
Package pdftexcmds Info: \pdf@ifprimitive is available.
Package pdftexcmds Info: \pdfdraftmode found.
) (/Users/pmassaro/Library/TinyTeX/texmf-dist/tex/latex/kvsetkeys/kvsetkeys.sty
Package: kvsetkeys 2022-10-05 v1.19 Key value parser (HO)
) (/Users/pmassaro/Library/TinyTeX/texmf-dist/tex/generic/kvdefinekeys/kvdefinekeys.sty
Package: kvdefinekeys 2019-12-19 v1.6 Define keys (HO)
) (/Users/pmassaro/Library/TinyTeX/texmf-dist/tex/generic/pdfescape/pdfescape.sty
Package: pdfescape 2019/12/09 v1.15 Implements pdfTeX's escape features (HO)
) (/Users/pmassaro/Library/TinyTeX/texmf-dist/tex/latex/hycolor/hycolor.sty
Package: hycolor 2020-01-27 v1.10 Color options for hyperref/bookmark (HO)
) (/Users/pmassaro/Library/TinyTeX/texmf-dist/tex/latex/letltxmacro/letltxmacro.sty
Package: letltxmacro 2019/12/03 v1.6 Let assignment for LaTeX macros (HO)
) (/Users/pmassaro/Library/TinyTeX/texmf-dist/tex/latex/auxhook/auxhook.sty
Package: auxhook 2019-12-17 v1.6 Hooks for auxiliary files (HO)
) (/Users/pmassaro/Library/TinyTeX/texmf-dist/tex/latex/hyperref/nameref.sty
Package: nameref 2022-05-17 v2.50 Cross-referencing by name of section
 (/Users/pmassaro/Library/TinyTeX/texmf-dist/tex/latex/refcount/refcount.sty
Package: refcount 2019/12/15 v3.6 Data extraction from label references (HO)
) (/Users/pmassaro/Library/TinyTeX/texmf-dist/tex/generic/gettitlestring/gettitlestring.sty
Package: gettitlestring 2019/12/15 v1.6 Cleanup title references (HO)
 (/Users/pmassaro/Library/TinyTeX/texmf-dist/tex/latex/kvoptions/kvoptions.sty
Package: kvoptions 2022-06-15 v3.15 Key value format for package options (HO)
))
\c@section@level=\count302
)
\@linkdim=\dimen190
\Hy@linkcounter=\count303
\Hy@pagecounter=\count304
 (/Users/pmassaro/Library/TinyTeX/texmf-dist/tex/latex/hyperref/pd1enc.def
File: pd1enc.def 2023-02-07 v7.00v Hyperref: PDFDocEncoding definition (HO)
Now handling font encoding PD1 ...
... no UTF-8 mapping file for font encoding PD1
) (/Users/pmassaro/Library/TinyTeX/texmf-dist/tex/generic/intcalc/intcalc.sty
Package: intcalc 2019/12/15 v1.3 Expandable calculations with integers (HO)
) (/Users/pmassaro/Library/TinyTeX/texmf-dist/tex/generic/etexcmds/etexcmds.sty
Package: etexcmds 2019/12/15 v1.7 Avoid name clashes with e-TeX commands (HO)
)
\Hy@SavedSpaceFactor=\count305
 (/Users/pmassaro/Library/TinyTeX/texmf-dist/tex/latex/hyperref/puenc.def
File: puenc.def 2023-02-07 v7.00v Hyperref: PDF Unicode definition (HO)
Now handling font encoding PU ...
... no UTF-8 mapping file for font encoding PU
)
Package hyperref Info: Hyper figures OFF on input line 4177.
Package hyperref Info: Link nesting OFF on input line 4182.
Package hyperref Info: Hyper index ON on input line 4185.
Package hyperref Info: Plain pages OFF on input line 4192.
Package hyperref Info: Backreferencing OFF on input line 4197.
Package hyperref Info: Implicit mode ON; LaTeX internals redefined.
Package hyperref Info: Bookmarks ON on input line 4425.
\c@Hy@tempcnt=\count306
 (/Users/pmassaro/Library/TinyTeX/texmf-dist/tex/latex/url/url.sty
\Urlmuskip=\muskip17
Package: url 2013/09/16  ver 3.4  Verb mode for urls, etc.
)
LaTeX Info: Redefining \url on input line 4763.
\XeTeXLinkMargin=\dimen191
 (/Users/pmassaro/Library/TinyTeX/texmf-dist/tex/generic/bitset/bitset.sty
Package: bitset 2019/12/09 v1.3 Handle bit-vector datatype (HO)
 (/Users/pmassaro/Library/TinyTeX/texmf-dist/tex/generic/bigintcalc/bigintcalc.sty
Package: bigintcalc 2019/12/15 v1.5 Expandable calculations on big integers (HO)
))
\Fld@menulength=\count307
\Field@Width=\dimen192
\Fld@charsize=\dimen193
Package hyperref Info: Hyper figures OFF on input line 6042.
Package hyperref Info: Link nesting OFF on input line 6047.
Package hyperref Info: Hyper index ON on input line 6050.
Package hyperref Info: backreferencing OFF on input line 6057.
Package hyperref Info: Link coloring OFF on input line 6062.
Package hyperref Info: Link coloring with OCG OFF on input line 6067.
Package hyperref Info: PDF/A mode OFF on input line 6072.
 (/Users/pmassaro/Library/TinyTeX/texmf-dist/tex/latex/base/atbegshi-ltx.sty
Package: atbegshi-ltx 2021/01/10 v1.0c Emulation of the original atbegshi
package with kernel methods
)
\Hy@abspage=\count308
\c@Item=\count309
\c@Hfootnote=\count310
)
Package hyperref Info: Driver (autodetected): hpdftex.
 (/Users/pmassaro/Library/TinyTeX/texmf-dist/tex/latex/hyperref/hpdftex.def
File: hpdftex.def 2023-02-07 v7.00v Hyperref driver for pdfTeX
 (/Users/pmassaro/Library/TinyTeX/texmf-dist/tex/latex/base/atveryend-ltx.sty
Package: atveryend-ltx 2020/08/19 v1.0a Emulation of the original atveryend package
with kernel methods
)
\Fld@listcount=\count311
\c@bookmark@seq@number=\count312
 (/Users/pmassaro/Library/TinyTeX/texmf-dist/tex/latex/rerunfilecheck/rerunfilecheck.sty
Package: rerunfilecheck 2022-07-10 v1.10 Rerun checks for auxiliary files (HO)
 (/Users/pmassaro/Library/TinyTeX/texmf-dist/tex/generic/uniquecounter/uniquecounter.sty
Package: uniquecounter 2019/12/15 v1.4 Provide unlimited unique counter (HO)
)
Package uniquecounter Info: New unique counter `rerunfilecheck' on input line 285.
)
\Hy@SectionHShift=\skip63
)
Package hyperref Info: Option `colorlinks' set `true' on input line 40.
 (/Users/pmassaro/Library/TinyTeX/texmf-dist/tex/latex/fancyhdr/fancyhdr.sty
Package: fancyhdr 2022/11/09 v4.1 Extensive control of page headers and footers
\f@nch@headwidth=\skip64
\f@nch@O@elh=\skip65
\f@nch@O@erh=\skip66
\f@nch@O@olh=\skip67
\f@nch@O@orh=\skip68
\f@nch@O@elf=\skip69
\f@nch@O@erf=\skip70
\f@nch@O@olf=\skip71
\f@nch@O@orf=\skip72
) (/Users/pmassaro/Library/TinyTeX/texmf-dist/tex/latex/graphics/graphicx.sty
Package: graphicx 2021/09/16 v1.2d Enhanced LaTeX Graphics (DPC,SPQR)
 (/Users/pmassaro/Library/TinyTeX/texmf-dist/tex/latex/graphics/graphics.sty
Package: graphics 2022/03/10 v1.4e Standard LaTeX Graphics (DPC,SPQR)
 (/Users/pmassaro/Library/TinyTeX/texmf-dist/tex/latex/graphics/trig.sty
Package: trig 2021/08/11 v1.11 sin cos tan (DPC)
) (/Users/pmassaro/Library/TinyTeX/texmf-dist/tex/latex/graphics-cfg/graphics.cfg
File: graphics.cfg 2016/06/04 v1.11 sample graphics configuration
)
Package graphics Info: Driver file: pdftex.def on input line 107.
 (/Users/pmassaro/Library/TinyTeX/texmf-dist/tex/latex/graphics-def/pdftex.def
File: pdftex.def 2022/09/22 v1.2b Graphics/color driver for pdftex
))
\Gin@req@height=\dimen194
\Gin@req@width=\dimen195
) (/Users/pmassaro/Library/TinyTeX/texmf-dist/tex/latex/l3backend/l3backend-pdftex.def
File: l3backend-pdftex.def 2023-01-16 L3 backend support: PDF output (pdfTeX)
\l__color_backend_stack_int=\count313
\l__pdf_internal_box=\box59
) (./main.aux

LaTeX Warning: Label `fig:4-degradation_kernels' multiply defined.

)
\openout1 = `main.aux'.

LaTeX Font Info:    Checking defaults for OML/cmm/m/it on input line 52.
LaTeX Font Info:    ... okay on input line 52.
LaTeX Font Info:    Checking defaults for OMS/cmsy/m/n on input line 52.
LaTeX Font Info:    ... okay on input line 52.
LaTeX Font Info:    Checking defaults for OT1/cmr/m/n on input line 52.
LaTeX Font Info:    ... okay on input line 52.
LaTeX Font Info:    Checking defaults for T1/cmr/m/n on input line 52.
LaTeX Font Info:    ... okay on input line 52.
LaTeX Font Info:    Checking defaults for TS1/cmr/m/n on input line 52.
LaTeX Font Info:    ... okay on input line 52.
LaTeX Font Info:    Checking defaults for OMX/cmex/m/n on input line 52.
LaTeX Font Info:    ... okay on input line 52.
LaTeX Font Info:    Checking defaults for U/cmr/m/n on input line 52.
LaTeX Font Info:    ... okay on input line 52.
LaTeX Font Info:    Checking defaults for PD1/pdf/m/n on input line 52.
LaTeX Font Info:    ... okay on input line 52.
LaTeX Font Info:    Checking defaults for PU/pdf/m/n on input line 52.
LaTeX Font Info:    ... okay on input line 52.
Package caption Info: Begin \AtBeginDocument code.
Package caption Info: subfig package v1.3 is loaded.
Package caption Info: float package is loaded.
Package caption Info: hyperref package is loaded.
Package caption Info: End \AtBeginDocument code.

*geometry* driver: auto-detecting
*geometry* detected driver: pdftex
*geometry* verbose mode - [ preamble ] result:
* driver: pdftex
* paper: a4paper
* layout: <same size as paper>
* layoutoffset:(h,v)=(0.0pt,0.0pt)
* modes: 
* h-part:(L,W,R)=(89.62709pt, 418.25368pt, 89.6271pt)
* v-part:(T,H,B)=(67.60269pt, 676.04005pt, 101.4041pt)
* \paperwidth=597.50787pt
* \paperheight=845.04684pt
* \textwidth=418.25368pt
* \textheight=676.04005pt
* \oddsidemargin=17.3571pt
* \evensidemargin=17.3571pt
* \topmargin=-45.6673pt
* \headheight=16.0pt
* \headsep=25.0pt
* \topskip=11.0pt
* \footskip=30.0pt
* \marginparwidth=59.0pt
* \marginparsep=10.0pt
* \columnsep=10.0pt
* \skip\footins=10.0pt plus 4.0pt minus 2.0pt
* \hoffset=14.22636pt
* \voffset=0.0pt
* \mag=1000
* \@twocolumnfalse
* \@twosidefalse
* \@mparswitchfalse
* \@reversemarginfalse
* (1in=72.27pt=25.4mm, 1cm=28.453pt)

(/Users/pmassaro/Library/TinyTeX/texmf-dist/tex/latex/graphics/color.sty
Package: color 2022/01/06 v1.3d Standard LaTeX Color (DPC)
 (/Users/pmassaro/Library/TinyTeX/texmf-dist/tex/latex/graphics-cfg/color.cfg
File: color.cfg 2016/01/02 v1.6 sample color configuration
)
Package color Info: Driver file: pdftex.def on input line 149.
 (/Users/pmassaro/Library/TinyTeX/texmf-dist/tex/latex/graphics/mathcolor.ltx))
Package hyperref Info: Link coloring ON on input line 52.
 (./main.out) (./main.out)
\@outlinefile=\write4
\openout4 = `main.out'.

 (/Users/pmassaro/Library/TinyTeX/texmf-dist/tex/latex/epstopdf-pkg/epstopdf-base.sty
Package: epstopdf-base 2020-01-24 v2.11 Base part for package epstopdf
Package epstopdf-base Info: Redefining graphics rule for `.eps' on input line 485.
 (/Users/pmassaro/Library/TinyTeX/texmf-dist/tex/latex/latexconfig/epstopdf-sys.cfg
File: epstopdf-sys.cfg 2010/07/13 v1.3 Configuration of (r)epstopdf for TeX Live
))
Package epstopdf Info: Source file: <Includes/0-siegel.eps>
(epstopdf)                    date: 2023-12-06 12:10:22
(epstopdf)                    size: 167923 bytes
(epstopdf)             Output file: <Includes/0-siegel-eps-converted-to.pdf>
(epstopdf)                    date: 2023-12-06 12:12:17
(epstopdf)                    size: 27180 bytes
(epstopdf)             Command: <repstopdf --outfile=Includes/0-siegel-eps-converted-to.pdf Includes/0-siegel.eps>
(epstopdf)             \includegraphics on input line 71.
Package epstopdf Info: Output file is already uptodate.
<Includes/0-siegel-eps-converted-to.pdf, id=213, 286.06876pt x 286.06876pt>
File: Includes/0-siegel-eps-converted-to.pdf Graphic file (type pdf)
<use Includes/0-siegel-eps-converted-to.pdf>
Package pdftex.def Info: Includes/0-siegel-eps-converted-to.pdf  used on input line 71.
(pdftex.def)             Requested size: 143.03403pt x 143.03403pt.
LaTeX Font Info:    Trying to load font information for U+msa on input line 92.
 (/Users/pmassaro/Library/TinyTeX/texmf-dist/tex/latex/amsfonts/umsa.fd
File: umsa.fd 2013/01/14 v3.01 AMS symbols A
)
LaTeX Font Info:    Trying to load font information for U+msb on input line 92.
 (/Users/pmassaro/Library/TinyTeX/texmf-dist/tex/latex/amsfonts/umsb.fd
File: umsb.fd 2013/01/14 v3.01 AMS symbols B
) [1

{/Users/pmassaro/Library/TinyTeX/texmf-var/fonts/map/pdftex/updmap/pdftex.map} <./Includes/0-siegel-eps-converted-to.pdf>] (./sections/Acknowledgement.tex
pdfTeX warning (ext4): destination with the same identifier (name{page.1}) has been already used, duplicate ignored
<to be read again> 
                   \relax 
l.3 \newpage
             [1]) (./main.toc [2])
\tf@toc=\write5
\openout5 = `main.toc'.

 [3] (./sections/introduction.tex
pdfTeX warning (ext4): destination with the same identifier (name{page.1}) has been already used, duplicate ignored
<to be read again> 
                   \relax 
l.34     \newpage
                  [1]) (./sections/super_resolution.tex
<Includes/2-SR-ill-posed.jpg, id=301, 1405.25pt x 790.955pt>
File: Includes/2-SR-ill-posed.jpg Graphic file (type jpg)
<use Includes/2-SR-ill-posed.jpg>
Package pdftex.def Info: Includes/2-SR-ill-posed.jpg  used on input line 9.
(pdftex.def)             Requested size: 281.04501pt x 158.1882pt.

pdfTeX warning (ext4): destination with the same identifier (name{page.2}) has been already used, duplicate ignored
<to be read again> 
                   \relax 
l.30         \begin{equation}
                              [2 <./Includes/2-SR-ill-posed.jpg>]
<Includes/2-MISR.jpeg, id=311, 200.67531pt x 72.94228pt>
File: Includes/2-MISR.jpeg Graphic file (type jpg)
<use Includes/2-MISR.jpeg>
Package pdftex.def Info: Includes/2-MISR.jpeg  used on input line 47.
(pdftex.def)             Requested size: 301.0122pt x 109.41313pt.


LaTeX Warning: `!h' float specifier changed to `!ht'.


pdfTeX warning (ext4): destination with the same identifier (name{page.3}) has been already used, duplicate ignored
<to be read again> 
                   \relax 
l.57 
      [3] [4 <./Includes/2-MISR.jpeg>]
<Includes/2-domain-gap.pdf, id=334, 876.27374pt x 529.98pt>
File: Includes/2-domain-gap.pdf Graphic file (type pdf)
<use Includes/2-domain-gap.pdf>
Package pdftex.def Info: Includes/2-domain-gap.pdf  used on input line 77.
(pdftex.def)             Requested size: 350.50328pt x 211.98824pt.
<Includes/2-DomainGap.png, id=339, 840.13875pt x 361.35pt>
File: Includes/2-DomainGap.png Graphic file (type png)
<use Includes/2-DomainGap.png>
Package pdftex.def Info: Includes/2-DomainGap.png  used on input line 99.
(pdftex.def)             Requested size: 378.05894pt x 162.60599pt.
 [5 <./Includes/2-domain-gap.pdf>]
<Includes/3-GAN-degradation-model.png, id=355, 652.4375pt x 234.8775pt>
File: Includes/3-GAN-degradation-model.png Graphic file (type png)
<use Includes/3-GAN-degradation-model.png>
Package pdftex.def Info: Includes/3-GAN-degradation-model.png  used on input line 107.
(pdftex.def)             Requested size: 424.07935pt x 152.66856pt.

Overfull \hbox (5.82567pt too wide) in paragraph at lines 107--111
 [][] 
 []

[6 <./Includes/2-DomainGap.png> <./Includes/3-GAN-degradation-model.png>]) (./sections/methodology.tex
Overfull \hbox (12.01985pt too wide) in paragraph at lines 5--6
\OT1/cmr/m/n/10.95 Early super-resolution meth-ods com-monly gen-er-ated high-resolution (HR) to low-resolution
 []

<Includes/4-degradation_kernels.pdf, id=367, 1084.05pt x 722.7pt>
File: Includes/4-degradation_kernels.pdf Graphic file (type pdf)
<use Includes/4-degradation_kernels.pdf>
Package pdftex.def Info: Includes/4-degradation_kernels.pdf  used on input line 14.
(pdftex.def)             Requested size: 418.25368pt x 278.83032pt.
<Includes/4-degradation-kernel-examples.pdf, id=368, 1505.625pt x 1003.75pt>
File: Includes/4-degradation-kernel-examples.pdf Graphic file (type pdf)
<use Includes/4-degradation-kernel-examples.pdf>
Package pdftex.def Info: Includes/4-degradation-kernel-examples.pdf  used on input line 21.
(pdftex.def)             Requested size: 418.25368pt x 278.82727pt.

LaTeX Warning: `!h' float specifier changed to `!ht'.

[7

 <./Includes/4-degradation_kernels.pdf>] [8 <./Includes/4-degradation-kernel-examples.pdf>]
<Includes/4-radiometric_noise_example.pdf, id=426, 722.7pt x 722.7pt>
File: Includes/4-radiometric_noise_example.pdf Graphic file (type pdf)
<use Includes/4-radiometric_noise_example.pdf>
Package pdftex.def Info: Includes/4-radiometric_noise_example.pdf  used on input line 60.
(pdftex.def)             Requested size: 397.48622pt x 397.48622pt.
 [9 <./Includes/4-radiometric_noise_example.pdf>]
<includes/3-srresnet-architecture.pdf, id=474, 679.57887pt x 233.9139pt>
File: includes/3-srresnet-architecture.pdf Graphic file (type pdf)
<use includes/3-srresnet-architecture.pdf>
Package pdftex.def Info: includes/3-srresnet-architecture.pdf  used on input line 76.
(pdftex.def)             Requested size: 418.25368pt x 143.96504pt.
 [10 <./includes/3-srresnet-architecture.pdf>] [11]
<Includes/3-probabilistic-degradation-model.png, id=511, 1062.97125pt x 281.05pt>
File: Includes/3-probabilistic-degradation-model.png Graphic file (type png)
<use Includes/3-probabilistic-degradation-model.png>
Package pdftex.def Info: Includes/3-probabilistic-degradation-model.png  used on input line 168.
(pdftex.def)             Requested size: 403.93327pt x 106.8001pt.
 [12 <./Includes/3-probabilistic-degradation-model.png>] [13] [14]
<Includes/3-NR-IQA.pdf, id=544, 1525.7pt x 659.46375pt>
File: Includes/3-NR-IQA.pdf Graphic file (type pdf)
<use Includes/3-NR-IQA.pdf>
Package pdftex.def Info: Includes/3-NR-IQA.pdf  used on input line 310.
(pdftex.def)             Requested size: 381.42407pt x 164.86552pt.


LaTeX Warning: `!h' float specifier changed to `!ht'.

[15] [16 <./Includes/3-NR-IQA.pdf>]
<Includes/4-frequency-analysis.pdf, id=566, 1084.05pt x 361.35pt>
File: Includes/4-frequency-analysis.pdf Graphic file (type pdf)
<use Includes/4-frequency-analysis.pdf>
Package pdftex.def Info: Includes/4-frequency-analysis.pdf  used on input line 364.
(pdftex.def)             Requested size: 418.25368pt x 139.41516pt.
 [17 <./Includes/4-frequency-analysis.pdf>]
<Includes/4-gradient-analysis.pdf, id=628, 858.62057pt x 568.28786pt>
File: Includes/4-gradient-analysis.pdf Graphic file (type pdf)
<use Includes/4-gradient-analysis.pdf>
Package pdftex.def Info: Includes/4-gradient-analysis.pdf  used on input line 410.
(pdftex.def)             Requested size: 418.25368pt x 276.83327pt.
 [18] [19 <./Includes/4-gradient-analysis.pdf>]) (./sections/datasets.tex
<Includes/5-wavelength-comparison.png, id=694, 863.225pt x 385.44pt>
File: Includes/5-wavelength-comparison.png Graphic file (type png)
<use Includes/5-wavelength-comparison.png>
Package pdftex.def Info: Includes/5-wavelength-comparison.png  used on input line 33.
(pdftex.def)             Requested size: 418.25368pt x 186.75584pt.
 [20

]
<Includes/5-ecostress-map-location.png, id=709, 947.54pt x 483.8075pt>
File: Includes/5-ecostress-map-location.png Graphic file (type png)
<use Includes/5-ecostress-map-location.png>
Package pdftex.def Info: Includes/5-ecostress-map-location.png  used on input line 55.
(pdftex.def)             Requested size: 418.25368pt x 213.55513pt.


LaTeX Warning: `!h' float specifier changed to `!ht'.

[21 <./Includes/5-wavelength-comparison.png>]
Package hyperref Info: bookmark level for unknown algorithm defaults to 0 on input line 76.
 [22 <./Includes/5-ecostress-map-location.png>]
<Includes/5-data_processing_flow_chart.pdf, id=734, 1375.1375pt x 731.73375pt>
File: Includes/5-data_processing_flow_chart.pdf Graphic file (type pdf)
<use Includes/5-data_processing_flow_chart.pdf>
Package pdftex.def Info: Includes/5-data_processing_flow_chart.pdf  used on input line 136.
(pdftex.def)             Requested size: 418.25368pt x 222.55879pt.
 [23]
<Includes/5-random_crop_processor.pdf, id=742, 1701.35625pt x 591.20876pt>
File: Includes/5-random_crop_processor.pdf Graphic file (type pdf)
<use Includes/5-random_crop_processor.pdf>
Package pdftex.def Info: Includes/5-random_crop_processor.pdf  used on input line 143.
(pdftex.def)             Requested size: 418.25368pt x 145.33905pt.
<Includes/4-forest-locations.png, id=743, 682.2288pt x 348.3414pt>
File: Includes/4-forest-locations.png Graphic file (type png)
<use Includes/4-forest-locations.png>
Package pdftex.def Info: Includes/4-forest-locations.png  used on input line 154.
(pdftex.def)             Requested size: 418.25368pt x 213.5563pt.
 [24 <./Includes/5-data_processing_flow_chart.pdf> <./Includes/5-random_crop_processor.pdf>] [25 <./Includes/4-forest-locations.png>] [26]) (./sections/experiment_setup.tex [27]) (./sections/results.tex [28

]
<Includes/5-source-prediction-sample.pdf, id=784, 1409.0235pt x 2146.78918pt>
File: Includes/5-source-prediction-sample.pdf Graphic file (type pdf)
<use Includes/5-source-prediction-sample.pdf>
Package pdftex.def Info: Includes/5-source-prediction-sample.pdf  used on input line 46.
(pdftex.def)             Requested size: 418.25368pt x 637.22821pt.
 [29]
Overfull \vbox (90.8688pt too high) has occurred while \output is active []

 [30 <./Includes/5-source-prediction-sample.pdf>]
<Includes/5-lr-images-fft.pdf, id=888, 1076.82304pt x 714.35706pt>
File: Includes/5-lr-images-fft.pdf Graphic file (type pdf)
<use Includes/5-lr-images-fft.pdf>
Package pdftex.def Info: Includes/5-lr-images-fft.pdf  used on input line 64.
(pdftex.def)             Requested size: 323.04941pt x 214.30876pt.
<Includes/5-lr-images-fft-comparison.pdf, id=890, 715.37325pt x 714.29047pt>
File: Includes/5-lr-images-fft-comparison.pdf Graphic file (type pdf)
<use Includes/5-lr-images-fft-comparison.pdf>
Package pdftex.def Info: Includes/5-lr-images-fft-comparison.pdf  used on input line 78.
(pdftex.def)             Requested size: 321.91498pt x 321.42773pt.
 [31 <./Includes/5-lr-images-fft.pdf>]
<Includes/5-source-sr-fft-comparison.pdf, id=932, 715.47047pt x 714.29047pt>
File: Includes/5-source-sr-fft-comparison.pdf Graphic file (type pdf)
<use Includes/5-source-sr-fft-comparison.pdf>
Package pdftex.def Info: Includes/5-source-sr-fft-comparison.pdf  used on input line 94.
(pdftex.def)             Requested size: 357.73436pt x 357.14435pt.
 [32 <./Includes/5-lr-images-fft-comparison.pdf>]
<Includes/5-source-domain-lr-performance-scatterplot.pdf, id=987, 1077.94026pt x 343.96127pt>
File: Includes/5-source-domain-lr-performance-scatterplot.pdf Graphic file (type pdf)
<use Includes/5-source-domain-lr-performance-scatterplot.pdf>
Package pdftex.def Info: Includes/5-source-domain-lr-performance-scatterplot.pdf  used on input line 112.
(pdftex.def)             Requested size: 418.25368pt x 133.4568pt.
 [33 <./Includes/5-source-sr-fft-comparison.pdf>]
<Includes/5-source-lr-amplification-statistics.pdf, id=1048, 715.37325pt x 714.29047pt>
File: Includes/5-source-lr-amplification-statistics.pdf Graphic file (type pdf)
<use Includes/5-source-lr-amplification-statistics.pdf>
Package pdftex.def Info: Includes/5-source-lr-amplification-statistics.pdf  used on input line 131.
(pdftex.def)             Requested size: 357.68575pt x 357.14435pt.
 [34 <./Includes/5-source-domain-lr-performance-scatterplot.pdf>]
<Includes/5-source-domain-comparison.png, id=1103, 4492.785pt x 2993.1825pt>
File: Includes/5-source-domain-comparison.png Graphic file (type png)
<use Includes/5-source-domain-comparison.png>
Package pdftex.def Info: Includes/5-source-domain-comparison.png  used on input line 155.
(pdftex.def)             Requested size: 418.25368pt x 278.64627pt.
 [35 <./Includes/5-source-lr-amplification-statistics.pdf>] [36 <./Includes/5-source-domain-comparison.png (PNG copy)>]
<Includes/5-target_prediction_sample.pdf, id=1166, 1427.83401pt x 1076.82304pt>
File: Includes/5-target_prediction_sample.pdf Graphic file (type pdf)
<use Includes/5-target_prediction_sample.pdf>
Package pdftex.def Info: Includes/5-target_prediction_sample.pdf  used on input line 186.
(pdftex.def)             Requested size: 399.7908pt x 301.50839pt.
 [37 <./Includes/5-target_prediction_sample.pdf>]
<Includes/5-target-amplification-statistics.pdf, id=1226, 715.404pt x 714.29047pt>
File: Includes/5-target-amplification-statistics.pdf Graphic file (type pdf)
<use Includes/5-target-amplification-statistics.pdf>
Package pdftex.def Info: Includes/5-target-amplification-statistics.pdf  used on input line 212.
(pdftex.def)             Requested size: 357.70113pt x 357.14435pt.
<Includes/6-target-gradient-analysis-image.pdf, id=1228, 1436.99469pt x 1438.17305pt>
File: Includes/6-target-gradient-analysis-image.pdf Graphic file (type pdf)
<use Includes/6-target-gradient-analysis-image.pdf>
Package pdftex.def Info: Includes/6-target-gradient-analysis-image.pdf  used on input line 226.
(pdftex.def)             Requested size: 402.35577pt x 402.68571pt.
 [38 <./Includes/5-target-amplification-statistics.pdf>]
<Includes/5-gradient-histogram-validation-dataset.pdf, id=1285, 970.41924pt x 558.99525pt>
File: Includes/5-gradient-histogram-validation-dataset.pdf Graphic file (type pdf)
<use Includes/5-gradient-histogram-validation-dataset.pdf>
Package pdftex.def Info: Includes/5-gradient-histogram-validation-dataset.pdf  used on input line 243.
(pdftex.def)             Requested size: 388.16081pt x 223.59415pt.
 [39 <./Includes/6-target-gradient-analysis-image.pdf>]
<Includes/5-target-prediction-with-domain-gap.pdf, id=1365, 1438.17305pt x 713.46983pt>
File: Includes/5-target-prediction-with-domain-gap.pdf Graphic file (type pdf)
<use Includes/5-target-prediction-with-domain-gap.pdf>
Package pdftex.def Info: Includes/5-target-prediction-with-domain-gap.pdf  used on input line 268.
(pdftex.def)             Requested size: 402.68571pt x 199.77019pt.
 [40 <./Includes/5-gradient-histogram-validation-dataset.pdf>]
<Includes/5-target-prediction-with-domain-gap-fft.pdf, id=1420, 715.404pt x 714.29047pt>
File: Includes/5-target-prediction-with-domain-gap-fft.pdf Graphic file (type pdf)
<use Includes/5-target-prediction-with-domain-gap-fft.pdf>
Package pdftex.def Info: Includes/5-target-prediction-with-domain-gap-fft.pdf  used on input line 283.
(pdftex.def)             Requested size: 286.15654pt x 285.71112pt.
 [41 <./Includes/5-target-prediction-with-domain-gap.pdf>]
<Includes/5-target-prediction-with-domain-gap-dataset.pdf, id=1482, 1077.94026pt x 354.80179pt>
File: Includes/5-target-prediction-with-domain-gap-dataset.pdf Graphic file (type pdf)
<use Includes/5-target-prediction-with-domain-gap-dataset.pdf>
Package pdftex.def Info: Includes/5-target-prediction-with-domain-gap-dataset.pdf  used on input line 298.
(pdftex.def)             Requested size: 409.62155pt x 134.82608pt.
 [42 <./Includes/5-target-prediction-with-domain-gap-fft.pdf> <./Includes/5-target-prediction-with-domain-gap-dataset.pdf>]
<Includes/5-target-iqa-results.pdf, id=1583, 1438.27144pt x 714.682pt>
File: Includes/5-target-iqa-results.pdf Graphic file (type pdf)
<use Includes/5-target-iqa-results.pdf>
Package pdftex.def Info: Includes/5-target-iqa-results.pdf  used on input line 330.
(pdftex.def)             Requested size: 402.71326pt x 200.10959pt.
 [43 <./Includes/5-target-iqa-results.pdf>]) (./sections/conclusions.tex) [44] (./main.bbl [45]) [46] (./main.aux)

LaTeX Warning: There were multiply-defined labels.

Package rerunfilecheck Info: File `main.out' has not changed.
(rerunfilecheck)             Checksum: 2A219008335CE30E0DAE510B6EA9608E;10382.
 ) 
Here is how much of TeX's memory you used:
 13914 strings out of 476029
 235491 string characters out of 5786180
 1876346 words of memory out of 5000000
 33890 multiletter control sequences out of 15000+600000
 522721 words of font info for 71 fonts, out of 8000000 for 9000
 1141 hyphenation exceptions out of 8191
 75i,15n,79p,1120b,576s stack positions out of 10000i,1000n,20000p,200000b,200000s
{/Users/pmassaro/Library/TinyTeX/texmf-dist/fonts/enc/dvips/cm-super/cm-super-ts1.enc}</Users/pmassaro/Library/TinyTeX/texmf-dist/fonts/type1/public/amsfonts/cm/cmbx10.pfb></Users/pmassaro/Library/TinyTeX/texmf-dist/fonts/type1/public/amsfonts/cm/cmbx12.pfb></Users/pmassaro/Library/TinyTeX/texmf-dist/fonts/type1/public/amsfonts/cm/cmcsc10.pfb></Users/pmassaro/Library/TinyTeX/texmf-dist/fonts/type1/public/amsfonts/cm/cmex10.pfb></Users/pmassaro/Library/TinyTeX/texmf-dist/fonts/type1/public/amsfonts/cm/cmmi10.pfb></Users/pmassaro/Library/TinyTeX/texmf-dist/fonts/type1/public/amsfonts/cm/cmmi6.pfb></Users/pmassaro/Library/TinyTeX/texmf-dist/fonts/type1/public/amsfonts/cm/cmmi8.pfb></Users/pmassaro/Library/TinyTeX/texmf-dist/fonts/type1/public/amsfonts/cm/cmmi9.pfb></Users/pmassaro/Library/TinyTeX/texmf-dist/fonts/type1/public/amsfonts/cm/cmr10.pfb></Users/pmassaro/Library/TinyTeX/texmf-dist/fonts/type1/public/amsfonts/cm/cmr12.pfb></Users/pmassaro/Library/TinyTeX/texmf-dist/fonts/type1/public/amsfonts/cm/cmr8.pfb></Users/pmassaro/Library/TinyTeX/texmf-dist/fonts/type1/public/amsfonts/cm/cmr9.pfb></Users/pmassaro/Library/TinyTeX/texmf-dist/fonts/type1/public/amsfonts/cm/cmsy10.pfb></Users/pmassaro/Library/TinyTeX/texmf-dist/fonts/type1/public/amsfonts/cm/cmsy8.pfb></Users/pmassaro/Library/TinyTeX/texmf-dist/fonts/type1/public/amsfonts/cm/cmti10.pfb></Users/pmassaro/Library/TinyTeX/texmf-dist/fonts/type1/public/amsfonts/cm/cmtt10.pfb></Users/pmassaro/Library/TinyTeX/texmf-dist/fonts/type1/public/amsfonts/symbols/msbm10.pfb></Users/pmassaro/Library/TinyTeX/texmf-dist/fonts/type1/public/cm-super/sfrm1095.pfb>
Output written on main.pdf (50 pages, 21346682 bytes).
PDF statistics:
 1796 PDF objects out of 2073 (max. 8388607)
 915 compressed objects within 10 object streams
 197 named destinations out of 1000 (max. 500000)
 587 words of extra memory for PDF output out of 10000 (max. 10000000)

