\BOOKMARK [1][-]{section.1}{\376\377\000I\000n\000t\000r\000o\000d\000u\000c\000t\000i\000o\000n}{}% 1
\BOOKMARK [1][-]{section.2}{\376\377\000T\000h\000e\000r\000m\000a\000l\000\040\000R\000e\000m\000o\000t\000e\000\040\000S\000e\000n\000s\000i\000n\000g}{}% 2
\BOOKMARK [2][-]{subsection.2.1}{\376\377\000E\000l\000e\000c\000t\000r\000o\000m\000a\000g\000n\000e\000t\000i\000c\000\040\000s\000p\000e\000c\000t\000r\000u\000m}{section.2}% 3
\BOOKMARK [2][-]{subsection.2.2}{\376\377\000L\000a\000n\000d\000\040\000s\000u\000r\000f\000a\000c\000e\000\040\000t\000e\000m\000p\000e\000r\000a\000t\000u\000r\000e}{section.2}% 4
\BOOKMARK [2][-]{subsection.2.3}{\376\377\000Q\000u\000a\000l\000i\000t\000y\000\040\000d\000i\000m\000e\000n\000s\000i\000o\000n\000s\000\040\000o\000f\000\040\000r\000e\000m\000o\000t\000e\000\040\000s\000e\000n\000s\000i\000n\000g\000\040\000d\000a\000t\000a}{section.2}% 5
\BOOKMARK [1][-]{section.3}{\376\377\000M\000o\000t\000i\000v\000a\000t\000i\000o\000n}{}% 6
\BOOKMARK [2][-]{subsection.3.1}{\376\377\000W\000i\000l\000d\000f\000i\000r\000e\000\040\000M\000o\000n\000i\000t\000o\000r\000i\000n\000g}{section.3}% 7
\BOOKMARK [2][-]{subsection.3.2}{\376\377\000U\000r\000b\000a\000n\000\040\000h\000e\000a\000t}{section.3}% 8
\BOOKMARK [2][-]{subsection.3.3}{\376\377\000T\000h\000e\000\040\000s\000p\000a\000t\000i\000o\000-\000t\000e\000m\000p\000o\000r\000a\000l\000\040\000t\000r\000a\000d\000e\000\040\000o\000f\000f}{section.3}% 9
\BOOKMARK [1][-]{section.4}{\376\377\000S\000u\000p\000e\000r\000\040\000r\000e\000s\000o\000l\000u\000t\000i\000o\000n}{}% 10
\BOOKMARK [2][-]{subsection.4.1}{\376\377\000S\000i\000n\000g\000l\000e\000-\000I\000m\000a\000g\000e\000\040\000S\000u\000p\000e\000r\000\040\000R\000e\000s\000o\000l\000u\000t\000i\000o\000n}{section.4}% 11
\BOOKMARK [3][-]{subsubsection.4.1.1}{\376\377\000U\000p\000s\000a\000m\000p\000l\000i\000n\000g\000\040\000m\000e\000t\000h\000o\000d}{subsection.4.1}% 12
\BOOKMARK [3][-]{subsubsection.4.1.2}{\376\377\000N\000e\000t\000w\000o\000r\000k\000\040\000d\000e\000s\000i\000g\000n}{subsection.4.1}% 13
\BOOKMARK [3][-]{subsubsection.4.1.3}{\376\377\000L\000o\000s\000s\000\040\000f\000u\000n\000c\000t\000i\000o\000n\000s}{subsection.4.1}% 14
\BOOKMARK [2][-]{subsection.4.2}{\376\377\000M\000u\000l\000t\000i\000-\000I\000m\000a\000g\000e\000\040\000S\000u\000p\000e\000r\000\040\000R\000e\000s\000o\000l\000u\000t\000i\000o\000n}{section.4}% 15
\BOOKMARK [3][-]{subsubsection.4.2.1}{\376\377\000M\000u\000l\000t\000i\000-\000s\000p\000e\000c\000t\000r\000a\000l\000\040\000s\000u\000p\000e\000r\000\040\000r\000e\000s\000o\000l\000u\000t\000i\000o\000n}{subsection.4.2}% 16
\BOOKMARK [2][-]{subsection.4.3}{\376\377\000T\000h\000e\000\040\000d\000o\000m\000a\000i\000n\000\040\000g\000a\000p\000\040\000p\000r\000o\000b\000l\000e\000m}{section.4}% 17
\BOOKMARK [2][-]{subsection.4.4}{\376\377\000B\000l\000i\000n\000d\000\040\000i\000m\000a\000g\000e\000\040\000S\000u\000p\000e\000r\000\040\000R\000e\000s\000o\000l\000u\000t\000i\000o\000n}{section.4}% 18
\BOOKMARK [3][-]{subsubsection.4.4.1}{\376\377\000E\000x\000p\000l\000i\000c\000i\000t\000\040\000m\000o\000d\000e\000l\000l\000i\000n\000g\000\040\000w\000i\000t\000h\000\040\000e\000x\000t\000e\000r\000n\000a\000l\000\040\000d\000a\000t\000a\000s\000e\000t}{subsection.4.4}% 19
\BOOKMARK [3][-]{subsubsection.4.4.2}{\376\377\000E\000x\000p\000l\000i\000c\000i\000t\000\040\000m\000o\000d\000e\000l\000l\000i\000n\000g\000\040\000w\000i\000t\000h\000\040\000s\000i\000n\000g\000l\000e\000\040\000i\000m\000a\000g\000e}{subsection.4.4}% 20
\BOOKMARK [3][-]{subsubsection.4.4.3}{\376\377\000I\000m\000p\000l\000i\000c\000i\000t\000\040\000m\000o\000d\000e\000l\000l\000i\000n\000g}{subsection.4.4}% 21
\BOOKMARK [1][-]{section.5}{\376\377\000M\000e\000t\000h\000o\000d\000o\000l\000o\000g\000y}{}% 22
\BOOKMARK [2][-]{subsection.5.1}{\376\377\000M\000o\000d\000e\000l\000s\000\040\000A\000r\000c\000h\000i\000t\000e\000c\000t\000u\000r\000e}{section.5}% 23
\BOOKMARK [3][-]{subsubsection.5.1.1}{\376\377\000P\000r\000o\000b\000a\000b\000i\000l\000i\000s\000t\000i\000c\000\040\000d\000e\000g\000r\000a\000d\000a\000t\000i\000o\000n\000\040\000m\000o\000d\000e\000l}{subsection.5.1}% 24
\BOOKMARK [3][-]{subsubsection.5.1.2}{\376\377\000S\000R\000R\000e\000s\000N\000e\000t}{subsection.5.1}% 25
\BOOKMARK [2][-]{subsection.5.2}{\376\377\000B\000a\000s\000e\000l\000i\000n\000e\000\040\000D\000e\000g\000r\000a\000d\000a\000t\000i\000o\000n\000\040\000m\000o\000d\000e\000l}{section.5}% 26
\BOOKMARK [3][-]{subsubsection.5.2.1}{\376\377\000B\000l\000u\000r\000r\000i\000n\000g\000\040\000K\000e\000r\000n\000e\000l}{subsection.5.2}% 27
\BOOKMARK [3][-]{subsubsection.5.2.2}{\376\377\000R\000a\000d\000i\000o\000m\000e\000t\000r\000i\000c\000\040\000e\000r\000r\000o\000r\000\040\000c\000o\000r\000r\000e\000c\000t\000i\000o\000n}{subsection.5.2}% 28
\BOOKMARK [2][-]{subsection.5.3}{\376\377\000S\000i\000g\000n\000a\000l\000-\000t\000o\000-\000N\000o\000i\000s\000e\000\040\000R\000a\000t\000i\000o\000\040\000\050\000S\000N\000R\000\051}{section.5}% 29
\BOOKMARK [2][-]{subsection.5.4}{\376\377\000R\000e\000f\000e\000r\000e\000n\000c\000e\000d\000\040\000i\000m\000a\000g\000e\000\040\000q\000u\000a\000l\000i\000t\000y\000\040\000m\000e\000t\000r\000i\000c\000s}{section.5}% 30
\BOOKMARK [3][-]{subsubsection.5.4.1}{\376\377\000p\000i\000x\000e\000l\000-\000w\000i\000s\000e\000\040\000l\000o\000s\000s\000e\000s}{subsection.5.4}% 31
\BOOKMARK [3][-]{subsubsection.5.4.2}{\376\377\000P\000e\000a\000k\000\040\000S\000i\000g\000n\000a\000l\000-\000t\000o\000-\000N\000o\000i\000s\000e\000\040\000R\000a\000t\000i\000o\000\040\000\050\000P\000S\000N\000R\000\051}{subsection.5.4}% 32
\BOOKMARK [3][-]{subsubsection.5.4.3}{\376\377\000S\000t\000r\000u\000c\000t\000u\000r\000a\000l\000\040\000S\000i\000m\000i\000l\000a\000r\000i\000t\000y\000\040\000I\000n\000d\000e\000x\000\040\000\050\000S\000S\000I\000M\000\051}{subsection.5.4}% 33
\BOOKMARK [3][-]{subsubsection.5.4.4}{\376\377\000L\000e\000a\000r\000n\000e\000d\000\040\000p\000e\000r\000c\000e\000p\000t\000u\000a\000l\000\040\000i\000m\000a\000g\000e\000\040\000p\000a\000t\000c\000h\000\040\000s\000i\000m\000i\000l\000a\000r\000i\000t\000y\000\040\000\050\000L\000P\000I\000P\000S\000\051}{subsection.5.4}% 34
\BOOKMARK [3][-]{subsubsection.5.4.5}{\376\377\000A\000d\000j\000u\000s\000t\000i\000n\000g\000\040\000m\000e\000a\000s\000u\000r\000e\000s\000\040\000t\000o\000\040\000a\000\040\000s\000l\000i\000g\000h\000t\000\040\000t\000r\000a\000n\000s\000l\000a\000t\000i\000o\000n\000s\000\040\000i\000n\000\040\000t\000h\000e\000\040\000S\000R\000\040\000p\000r\000o\000c\000e\000s\000s\000.}{subsection.5.4}% 35
\BOOKMARK [2][-]{subsection.5.5}{\376\377\000N\000o\000n\000-\000r\000e\000f\000e\000r\000e\000n\000c\000e\000d\000\040\000I\000m\000a\000g\000e\000\040\000q\000u\000a\000l\000i\000t\000y\000\040\000m\000e\000t\000r\000i\000c\000s}{section.5}% 36
\BOOKMARK [3][-]{subsubsection.5.5.1}{\376\377\000N\000a\000t\000u\000r\000a\000l\000n\000e\000s\000s\000\040\000I\000m\000a\000g\000e\000\040\000Q\000u\000a\000l\000i\000t\000y\000\040\000E\000v\000a\000l\000u\000a\000t\000o\000r\000\040\000\050\000N\000I\000Q\000E\000\051}{subsection.5.5}% 37
\BOOKMARK [3][-]{subsubsection.5.5.2}{\376\377\000B\000l\000i\000n\000d\000/\000R\000e\000f\000e\000r\000e\000n\000c\000e\000l\000e\000s\000s\000\040\000I\000m\000a\000g\000e\000\040\000S\000p\000a\000t\000i\000a\000l\000\040\000Q\000u\000a\000l\000i\000t\000y\000\040\000E\000v\000a\000l\000u\000a\000t\000o\000r\000\040\000\050\000B\000R\000I\000S\000Q\000U\000E\000\051}{subsection.5.5}% 38
\BOOKMARK [3][-]{subsubsection.5.5.3}{\376\377\000F\000r\000e\000q\000u\000e\000n\000c\000y\000\040\000D\000o\000m\000a\000i\000n\000\040\000A\000n\000a\000l\000y\000s\000i\000s}{subsection.5.5}% 39
\BOOKMARK [3][-]{subsubsection.5.5.4}{\376\377\000G\000r\000a\000d\000i\000e\000n\000t\000\040\000D\000i\000s\000t\000r\000i\000b\000u\000t\000i\000o\000n\000\040\000a\000n\000a\000l\000y\000s\000i\000s}{subsection.5.5}% 40
\BOOKMARK [1][-]{section.6}{\376\377\000D\000a\000t\000a\000s\000e\000t\000s}{}% 41
\BOOKMARK [2][-]{subsection.6.1}{\376\377\000O\000b\000t\000a\000i\000n\000i\000n\000g\000\040\000a\000\040\000h\000i\000g\000h\000\040\000r\000e\000s\000o\000l\000u\000t\000i\000o\000n\000\040\000d\000a\000t\000a\000s\000e\000t}{section.6}% 42
\BOOKMARK [3][-]{subsubsection.6.1.1}{\376\377\000T\000h\000e\000\040\000E\000C\000O\000S\000T\000R\000E\000S\000S\000\040\000m\000i\000s\000s\000i\000o\000n}{subsection.6.1}% 43
\BOOKMARK [3][-]{subsubsection.6.1.2}{\376\377\000A\000c\000c\000e\000s\000s\000i\000n\000g\000\040\000E\000C\000O\000S\000T\000R\000E\000S\000S\000\040\000S\000c\000e\000n\000e\000s}{subsection.6.1}% 44
\BOOKMARK [3][-]{subsubsection.6.1.3}{\376\377\000S\000e\000l\000e\000c\000t\000i\000n\000g\000\040\000t\000h\000e\000\040\000b\000e\000s\000t\000\040\000s\000c\000e\000n\000e\000s}{subsection.6.1}% 45
\BOOKMARK [3][-]{subsubsection.6.1.4}{\376\377\000D\000a\000t\000a\000\040\000P\000r\000o\000c\000e\000s\000s\000i\000n\000g}{subsection.6.1}% 46
\BOOKMARK [2][-]{subsection.6.2}{\376\377\000O\000b\000t\000a\000i\000n\000i\000n\000g\000\040\000F\000O\000R\000E\000S\000T\000-\0002\000\040\000d\000a\000t\000a}{section.6}% 47
\BOOKMARK [2][-]{subsection.6.3}{\376\377\000D\000a\000t\000a\000s\000e\000t\000s}{section.6}% 48
\BOOKMARK [3][-]{subsubsection.6.3.1}{\376\377\000S\000y\000n\000t\000h\000e\000t\000i\000c\000\040\000F\000O\000R\000E\000S\000T\000\040\000-\000\040\000D\000e\000g\000r\000a\000d\000e\000d\000\040\000S\000y\000n\000t\000h\000e\000t\000i\000c\000\040\000F\000O\000R\000E\000S\000T}{subsection.6.3}% 49
\BOOKMARK [3][-]{subsubsection.6.3.2}{\376\377\000S\000y\000n\000t\000h\000e\000t\000i\000c\000\040\000F\000O\000R\000E\000S\000T\000\040\000-\000\040\000r\000e\000a\000l\000\040\000F\000O\000R\000E\000S\000T\000\040\000\050\000U\000n\000p\000a\000i\000r\000e\000d\000\051}{subsection.6.3}% 50
\BOOKMARK [3][-]{subsubsection.6.3.3}{\376\377\000S\000y\000n\000t\000h\000e\000t\000i\000c\000\040\000F\000O\000R\000E\000S\000T\000-\000\040\000r\000e\000a\000l\000\040\000F\000O\000R\000E\000S\000T\000\040\000\050\000\040\000P\000a\000i\000r\000e\000d\000\051}{subsection.6.3}% 51
\BOOKMARK [1][-]{section.7}{\376\377\000E\000x\000p\000e\000r\000i\000m\000e\000n\000t\000\040\000S\000e\000t\000u\000p}{}% 52
\BOOKMARK [1][-]{section.8}{\376\377\000R\000e\000s\000u\000l\000t\000s\000\040\000a\000n\000d\000\040\000d\000i\000s\000c\000u\000s\000s\000i\000o\000n}{}% 53
\BOOKMARK [2][-]{subsection.8.1}{\376\377\000S\000o\000u\000r\000c\000e\000\040\000d\000o\000m\000a\000i\000n}{section.8}% 54
\BOOKMARK [3][-]{subsubsection.8.1.1}{\376\377\000P\000r\000o\000b\000a\000b\000i\000l\000i\000s\000t\000i\000c\000\040\000d\000e\000g\000r\000a\000d\000a\000t\000i\000o\000n\000\040\000m\000o\000d\000e\000l\000s\000\040\000c\000o\000m\000p\000a\000r\000i\000s\000o\000n}{subsection.8.1}% 55
\BOOKMARK [3][-]{subsubsection.8.1.2}{\376\377\000L\000o\000w\000\040\000r\000e\000s\000o\000l\000u\000t\000i\000o\000n\000\040\000i\000m\000a\000g\000e\000s\000\040\000c\000o\000m\000p\000a\000r\000i\000s\000o\000n}{subsection.8.1}% 56
\BOOKMARK [3][-]{subsubsection.8.1.3}{\376\377\000E\000f\000f\000e\000c\000t\000s\000\040\000o\000f\000\040\000t\000h\000e\000\040\000d\000e\000g\000r\000a\000d\000a\000t\000i\000o\000n\000\040\000m\000o\000d\000e\000l\000\040\000i\000n\000\040\000S\000R}{subsection.8.1}% 57
\BOOKMARK [2][-]{subsection.8.2}{\376\377\000T\000a\000r\000g\000e\000t\000\040\000d\000o\000m\000a\000i\000n}{section.8}% 58
\BOOKMARK [2][-]{subsection.8.3}{\376\377\000T\000h\000e\000\040\000d\000o\000m\000a\000i\000n\000\040\000g\000a\000p\000\040\000g\000o\000e\000s\000\040\000b\000o\000t\000h\000\040\000w\000a\000y\000s}{section.8}% 59
\BOOKMARK [2][-]{subsection.8.4}{\376\377\000D\000o\000m\000a\000i\000n\000\040\000g\000a\000p\000\040\000a\000s\000s\000e\000s\000s\000m\000e\000n\000t\000\040\000u\000s\000i\000n\000g\000\040\000n\000o\000n\000-\000r\000e\000f\000e\000r\000e\000n\000c\000e\000d\000\040\000i\000m\000a\000g\000e\000\040\000q\000u\000a\000l\000i\000t\000y\000\040\000a\000s\000s\000e\000s\000s\000m\000e\000n\000t}{section.8}% 60
\BOOKMARK [1][-]{section.9}{\376\377\000C\000o\000n\000c\000l\000u\000s\000i\000o\000n\000s\000\040\000a\000n\000d\000\040\000f\000u\000t\000u\000r\000e\000\040\000w\000o\000r\000k}{}% 61
